<?xml version="1.0" encoding="UTF-8"?>
<!DOCTYPE properties SYSTEM "http://java.sun.com/dtd/properties.dtd">
<properties version="1.0">
  <comment>Sample test run arguments (ets-security-client10)</comment>
  <entry key="service_type">wms13</entry>
  <entry key="address">127.0.0.1</entry>
  <entry key="port">10080</entry>
  <entry key="host">localhost</entry>
  <entry key="path"></entry>
  <entry key="jks_path">src/main/resources/security.jks</entry>
  <entry key="jks_password"><![CDATA[ets-security-client]]></entry>
  <entry key="authentication"></entry>
  <entry key="idp_url"></entry>
</properties>
