<?xml version="1.0" encoding="UTF-8"?>
<!DOCTYPE properties SYSTEM "http://java.sun.com/dtd/properties.dtd">
<properties version="1.0">
  <comment>Sample test run arguments (ets-security-client10)</comment>
  <entry key="service_type">wms111</entry>
  <entry key="host">127.0.0.1</entry>
  <entry key="port">10080</entry>
  <entry key="jks_path">security.jks</entry>
</properties>
