<?xml version="1.0" encoding="UTF-8"?>
<!DOCTYPE properties SYSTEM "http://java.sun.com/dtd/properties.dtd">
<properties version="1.0">
  <comment>Sample test run arguments (ets-security-client10)</comment>
  <entry key="servicetype">wms111</entry>
  <entry key="ics">class-A,class-B</entry>
</properties>
